<?xml version="1.0" encoding="UTF-8"?>
<!-- Generated by org.testng.reporters.JUnitXMLReporter -->
<testsuite ignored="24" hostname="danniyax-mobl2" failures="1" tests="8" name="Test0" time="0.142" errors="0" timestamp="01 Jul 2021 17:21:59 GMT">
  <testcase classname="DemoappTest.LoginTest" name="@BeforeTest loginTest" time="0.057">
    <failure type="java.lang.NullPointerException">
      <![CDATA[java.lang.NullPointerException
at java.base/java.util.Objects.requireNonNull(Unknown Source)
at org.openqa.selenium.support.ui.FluentWait.<init>(FluentWait.java:106)
at org.openqa.selenium.support.ui.WebDriverWait.<init>(WebDriverWait.java:85)
at org.openqa.selenium.support.ui.WebDriverWait.<init>(WebDriverWait.java:45)
at UtilsPackage.WaitElements.waitForElement(WaitElements.java:19)
at DemoappPages.LoginPage.enterUsername(LoginPage.java:41)
at DemoappTest.LoginTest.loginTest(LoginTest.java:15)
... Removed 24 stack frames]]>
    </failure>
  </testcase> <!-- @BeforeTest loginTest -->
  <testcase classname="DemoappTest.LoginTest" name="@AfterTest exit" time="0.0">
    <skipped/>
  </testcase> <!-- @AfterTest exit -->
  <testcase classname="DemoappTest.CreateBugTest" name="bugsTest" time="0.0">
    <skipped/>
  </testcase> <!-- bugsTest -->
  <testcase classname="DemoappTest.CreateFolderTest" name="createFile" time="0.0">
    <skipped/>
  </testcase> <!-- createFile -->
  <testcase classname="DemoappTest.CreateKnowledgeBaseTest" name="knowledgeBaseTest" time="0.0">
    <skipped/>
  </testcase> <!-- knowledgeBaseTest -->
  <testcase classname="DemoappTest.CreateMailTest" name="createMail" time="0.0">
    <skipped/>
  </testcase> <!-- createMail -->
  <testcase classname="DemoappTest.CreateUserProfileTest" name="createProfile" time="0.0">
    <skipped/>
  </testcase> <!-- createProfile -->
  <testcase classname="DemoappTest.DeleteProfileTest" name="deleteProfile" time="0.0">
    <failure type="org.testng.TestNGException" message="
Cannot inject @Test annotated Method [deleteProfile] with [class java.lang.String, class java.lang.String].
For more information on native dependency injection please refer to http://testng.org/doc/documentation-main.html#native-dependency-injection">
      <![CDATA[org.testng.TestNGException: 
Cannot inject @Test annotated Method [deleteProfile] with [class java.lang.String, class java.lang.String].
For more information on native dependency injection please refer to http://testng.org/doc/documentation-main.html#native-dependency-injection
... Removed 24 stack frames]]>
    </failure>
  </testcase> <!-- deleteProfile -->
  <testcase classname="DemoappTest.GetCalendarDataTest" name="CalendarData" time="0.0">
    <skipped/>
  </testcase> <!-- CalendarData -->
  <testcase classname="DemoappTest.IdentifyClientTest" name="manageClient" time="0.0">
    <skipped/>
  </testcase> <!-- manageClient -->
  <testcase classname="DemoappTest.LoginTest" name="@BeforeSuite webpage" time="0.0">
    <ignored/>
  </testcase> <!-- @BeforeSuite webpage -->
  <testcase classname="DemoappTest.LoginTest" name="@BeforeSuite webpage" time="0.0">
    <ignored/>
  </testcase> <!-- @BeforeSuite webpage -->
  <testcase classname="DemoappTest.LoginTest" name="@BeforeSuite webpage" time="0.0">
    <ignored/>
  </testcase> <!-- @BeforeSuite webpage -->
  <testcase classname="DemoappTest.LoginTest" name="@BeforeSuite webpage" time="0.0">
    <ignored/>
  </testcase> <!-- @BeforeSuite webpage -->
  <testcase classname="DemoappTest.LoginTest" name="@BeforeSuite webpage" time="0.0">
    <ignored/>
  </testcase> <!-- @BeforeSuite webpage -->
  <testcase classname="DemoappTest.LoginTest" name="@BeforeSuite webpage" time="0.0">
    <ignored/>
  </testcase> <!-- @BeforeSuite webpage -->
  <testcase classname="DemoappTest.LoginTest" name="@BeforeSuite webpage" time="0.0">
    <ignored/>
  </testcase> <!-- @BeforeSuite webpage -->
  <testcase classname="DemoappTest.LoginTest" name="@BeforeSuite webpage" time="0.0">
    <ignored/>
  </testcase> <!-- @BeforeSuite webpage -->
  <testcase classname="DemoappTest.LoginTest" name="@BeforeTest loginTest" time="0.0">
    <ignored/>
  </testcase> <!-- @BeforeTest loginTest -->
  <testcase classname="DemoappTest.LoginTest" name="@BeforeTest loginTest" time="0.0">
    <ignored/>
  </testcase> <!-- @BeforeTest loginTest -->
  <testcase classname="DemoappTest.LoginTest" name="@BeforeTest loginTest" time="0.0">
    <ignored/>
  </testcase> <!-- @BeforeTest loginTest -->
  <testcase classname="DemoappTest.LoginTest" name="@BeforeTest loginTest" time="0.0">
    <ignored/>
  </testcase> <!-- @BeforeTest loginTest -->
  <testcase classname="DemoappTest.LoginTest" name="@BeforeTest loginTest" time="0.0">
    <ignored/>
  </testcase> <!-- @BeforeTest loginTest -->
  <testcase classname="DemoappTest.LoginTest" name="@BeforeTest loginTest" time="0.0">
    <ignored/>
  </testcase> <!-- @BeforeTest loginTest -->
  <testcase classname="DemoappTest.LoginTest" name="@BeforeTest loginTest" time="0.0">
    <ignored/>
  </testcase> <!-- @BeforeTest loginTest -->
  <testcase classname="DemoappTest.LoginTest" name="@BeforeTest loginTest" time="0.0">
    <ignored/>
  </testcase> <!-- @BeforeTest loginTest -->
  <testcase classname="DemoappTest.LoginTest" name="@AfterTest exit" time="0.0">
    <ignored/>
  </testcase> <!-- @AfterTest exit -->
  <testcase classname="DemoappTest.LoginTest" name="@AfterTest exit" time="0.0">
    <ignored/>
  </testcase> <!-- @AfterTest exit -->
  <testcase classname="DemoappTest.LoginTest" name="@AfterTest exit" time="0.0">
    <ignored/>
  </testcase> <!-- @AfterTest exit -->
  <testcase classname="DemoappTest.LoginTest" name="@AfterTest exit" time="0.0">
    <ignored/>
  </testcase> <!-- @AfterTest exit -->
  <testcase classname="DemoappTest.LoginTest" name="@AfterTest exit" time="0.0">
    <ignored/>
  </testcase> <!-- @AfterTest exit -->
  <testcase classname="DemoappTest.LoginTest" name="@AfterTest exit" time="0.0">
    <ignored/>
  </testcase> <!-- @AfterTest exit -->
  <testcase classname="DemoappTest.LoginTest" name="@AfterTest exit" time="0.0">
    <ignored/>
  </testcase> <!-- @AfterTest exit -->
  <testcase classname="DemoappTest.LoginTest" name="@AfterTest exit" time="0.0">
    <ignored/>
  </testcase> <!-- @AfterTest exit -->
</testsuite> <!-- Test0 -->
