<?xml version="1.0" encoding="UTF-8"?>
<!-- Generated by org.testng.reporters.JUnitXMLReporter -->
<testsuite ignored="10" hostname="danniyax-mobl2" failures="0" tests="5" name="Test" time="0.025" errors="0" timestamp="26 Jun 2021 06:32:48 GMT">
  <testcase classname="DemoappTest.LoginTest" name="@BeforeSuite webpage" time="0.0">
    <failure type="org.testng.TestNGException" message="
Parameter &amp;apos;Browser&amp;apos; is required by BeforeSuite on method webpage but has not been marked @Optional or defined
in C:\Users\danniyax\eclipse-workspace\Framework\Demoapp.xml">
      <![CDATA[org.testng.TestNGException: 
Parameter 'Browser' is required by BeforeSuite on method webpage but has not been marked @Optional or defined
in C:\Users\danniyax\eclipse-workspace\Framework\Demoapp.xml
... Removed 17 stack frames]]>
    </failure>
  </testcase> <!-- @BeforeSuite webpage -->
  <testcase classname="DemoappTest.LoginTest" name="@BeforeTest loginTest" time="0.0">
    <skipped/>
  </testcase> <!-- @BeforeTest loginTest -->
  <testcase classname="DemoappTest.UserProfileTest" name="createProfile" time="0.0">
    <skipped/>
  </testcase> <!-- createProfile -->
  <testcase classname="DemoappTest.BugsTest" name="bugsTest" time="0.0">
    <skipped/>
  </testcase> <!-- bugsTest -->
  <testcase classname="DemoappTest.CalendarDataTest" name="CalendarData" time="0.0">
    <skipped/>
  </testcase> <!-- CalendarData -->
  <testcase classname="DemoappTest.ManageClientTest" name="manageClient" time="0.0">
    <skipped/>
  </testcase> <!-- manageClient -->
  <testcase classname="DemoappTest.DeleteProfileTest" name="deleteProfile" time="0.0">
    <skipped/>
  </testcase> <!-- deleteProfile -->
  <testcase classname="DemoappTest.LoginTest" name="@BeforeSuite webpage" time="0.0">
    <ignored/>
  </testcase> <!-- @BeforeSuite webpage -->
  <testcase classname="DemoappTest.LoginTest" name="@BeforeSuite webpage" time="0.0">
    <ignored/>
  </testcase> <!-- @BeforeSuite webpage -->
  <testcase classname="DemoappTest.LoginTest" name="@BeforeSuite webpage" time="0.0">
    <ignored/>
  </testcase> <!-- @BeforeSuite webpage -->
  <testcase classname="DemoappTest.LoginTest" name="@BeforeSuite webpage" time="0.0">
    <ignored/>
  </testcase> <!-- @BeforeSuite webpage -->
  <testcase classname="DemoappTest.LoginTest" name="@BeforeSuite webpage" time="0.0">
    <ignored/>
  </testcase> <!-- @BeforeSuite webpage -->
  <testcase classname="DemoappTest.LoginTest" name="@BeforeTest loginTest" time="0.0">
    <ignored/>
  </testcase> <!-- @BeforeTest loginTest -->
  <testcase classname="DemoappTest.LoginTest" name="@BeforeTest loginTest" time="0.0">
    <ignored/>
  </testcase> <!-- @BeforeTest loginTest -->
  <testcase classname="DemoappTest.LoginTest" name="@BeforeTest loginTest" time="0.0">
    <ignored/>
  </testcase> <!-- @BeforeTest loginTest -->
  <testcase classname="DemoappTest.LoginTest" name="@BeforeTest loginTest" time="0.0">
    <ignored/>
  </testcase> <!-- @BeforeTest loginTest -->
  <testcase classname="DemoappTest.LoginTest" name="@BeforeTest loginTest" time="0.0">
    <ignored/>
  </testcase> <!-- @BeforeTest loginTest -->
</testsuite> <!-- Test -->
